[15:24:16] [Client thread/INFO]: Setting user: Player622
[15:24:19] [Client thread/INFO]: LWJGL Version: 2.9.1
[15:24:21] [Client thread/INFO]: Reloading ResourceManager: Default, FMLFileResourcePack:Forge Mod Loader, FMLFileResourcePack:Minecraft Forge, FMLFileResourcePack:Summoner
[15:24:22] [Sound Library Loader/INFO]: Starting up SoundSystem...
[15:24:22] [Thread-7/INFO]: Initializing LWJGL OpenAL
[15:24:22] [Thread-7/INFO]: (The LWJGL binding of OpenAL.  For more information, see http://www.lwjgl.org)
[15:24:22] [Thread-7/INFO]: OpenAL initialized.
[15:24:22] [Sound Library Loader/INFO]: Sound engine started
[15:24:25] [Client thread/INFO]: Created: 512x512 textures-atlas
[15:24:26] [Client thread/INFO]: Reloading ResourceManager: Default, FMLFileResourcePack:Forge Mod Loader, FMLFileResourcePack:Minecraft Forge, FMLFileResourcePack:Summoner
[15:24:26] [Client thread/INFO]: SoundSystem shutting down...
[15:24:27] [Client thread/WARN]: Author: Paul Lamb, www.paulscode.com
[15:24:27] [Sound Library Loader/INFO]: Starting up SoundSystem...
[15:24:27] [Thread-9/INFO]: Initializing LWJGL OpenAL
[15:24:27] [Thread-9/INFO]: (The LWJGL binding of OpenAL.  For more information, see http://www.lwjgl.org)
[15:24:27] [Thread-9/INFO]: OpenAL initialized.
[15:24:27] [Sound Library Loader/INFO]: Sound engine started
[15:24:29] [Client thread/INFO]: Created: 512x512 textures-atlas
[15:24:34] [Server thread/INFO]: Starting integrated minecraft server version 1.8
[15:24:34] [Server thread/INFO]: Generating keypair
[15:24:35] [Server thread/INFO]: Preparing start region for level 0
[15:24:36] [Server thread/INFO]: Changing view distance to 9, from 10
[15:24:36] [Server thread/INFO]: Player622[local:E:b7277091] logged in with entity id 112 at (1490.177062149775, 4.0, 1360.602604885002)
[15:24:36] [Server thread/INFO]: Player622 joined the game
[15:24:42] [Server thread/INFO]: Saving and pausing game...
[15:24:42] [Server thread/INFO]: Saving chunks for level 'New World'/Overworld
[15:24:42] [Server thread/INFO]: Saving chunks for level 'New World'/Nether
[15:24:42] [Server thread/INFO]: Saving chunks for level 'New World'/The End
[15:24:43] [Server thread/INFO]: Stopping server
[15:24:43] [Server thread/INFO]: Saving players
[15:24:43] [Server thread/INFO]: Saving worlds
[15:24:43] [Server thread/INFO]: Saving chunks for level 'New World'/Overworld
[15:24:43] [Server thread/INFO]: Saving chunks for level 'New World'/Nether
[15:24:43] [Server thread/INFO]: Saving chunks for level 'New World'/The End
[15:24:46] [Server thread/INFO]: Starting integrated minecraft server version 1.8
[15:24:46] [Server thread/INFO]: Generating keypair
[15:24:46] [Server thread/INFO]: Preparing start region for level 0
[15:24:46] [Server thread/INFO]: Changing view distance to 9, from 10
[15:24:47] [Server thread/INFO]: Player622[local:E:2d9fb6e1] logged in with entity id 40940 at (1490.177062149775, 4.0, 1360.602604885002)
[15:24:47] [Server thread/INFO]: Player622 joined the game
[15:25:00] [Server thread/INFO]: Saving and pausing game...
[15:25:00] [Server thread/INFO]: Saving chunks for level 'New World'/Overworld
[15:25:00] [Server thread/INFO]: Saving chunks for level 'New World'/Nether
[15:25:00] [Server thread/INFO]: Saving chunks for level 'New World'/The End
[15:25:01] [Server thread/INFO]: Stopping server
[15:25:01] [Server thread/INFO]: Saving players
[15:25:01] [Server thread/INFO]: Saving worlds
[15:25:01] [Server thread/INFO]: Saving chunks for level 'New World'/Overworld
[15:25:01] [Server thread/INFO]: Saving chunks for level 'New World'/Nether
[15:25:01] [Server thread/INFO]: Saving chunks for level 'New World'/The End
[15:26:11] [Client thread/INFO]: Stopping!
[15:26:11] [Client thread/INFO]: SoundSystem shutting down...
[15:26:12] [Client thread/WARN]: Author: Paul Lamb, www.paulscode.com
